
--- NEW SESSION: 12/06/2019 15:47:03 ---
/rigidBase/MappedFrames/FramesMO.velocity = 0 0 0 0 0 0 0 0 0 0 0 0 0 0 0 0 0 0 0 0 0 0 0 0 0 0 0 0 0 0
/rigidBase/MappedFrames/FramesMO.force = 0 0 0 0 0 0 0 0 0 0 0 0 0 0 0 0 0 0 0 0 0 0 0 0 0 0 0 0 0 0
/rigidBase/MappedFrames/FramesMO.externalForce = 0 0 0 0 0 0 0 0 0 0 0 0 0 0 0 0 0 0 0 0 0 0 0 0 0 0 0 0 0 0

--- NEW SESSION: 13/06/2019 15:56:06 ---
/rigidBase/MappedFrames/FramesMO.force = 0 0 0 0 0 0 0 0 0 0 0 0 0 0 0 0 0 0 0 0 0 0 0 0 0 0 0 0 0 0
/rigidBase/MappedFrames/FramesMO.externalForce = 0 0 0 0 0 0 0 0 0 0 0 0 0 0 0 0 0 0 0 0 0 0 0 0 0 0 0 0 0 0
/rigidBase/MappedFrames/FramesMO.velocity = 0 0 0.05 0.000653361 0.0124743 0 0 0 0.5 0.578117 1.01343 0 0 0 1 3.1831 3.02848 0 0 0 1 3.1831 7.02848 0 0 0 1 3.1831 11.0285 0

--- NEW SESSION: 13/06/2019 15:58:23 ---
/rigidBase/MappedFrames/FramesMO.velocity = 0 0 0.05 0.000653361 0.0124743 0 0 0 0.5 0.578117 1.01343 0 0 0 1 3.1831 3.02848 0 0 0 1 3.1831 7.02848 0 0 0 1 3.1831 11.0285 0
/rigidBase/MappedFrames/FramesMO.force = 0 0 0 0 0 0 0 0 0 0 0 0 0 0 0 0 0 0 0 0 0 0 0 0 0 0 0 0 0 0
/rigidBase/MappedFrames/FramesMO.derivX = 0 0 0 0 0 0 0 0 0 0 0 0 0 0 0 0 0 0 0 0 0 0 0 0 0 0 0 0 0 0
/rigidBase/MappedFrames/FramesMO.9(V_DERIV) = 0 0 0 0 0 0 0 0 0 0 0 0 0 0 0 0 0 0 0 0 0 0 0 0 0 0 0 0 0 0
/rigidBase/MappedFrames/FramesMO.dforce(V_DERIV) = 0 0 0 0 0 0 0 0 0 0 0 0 0 0 0 0 0 0 0 0 0 0 0 0 0 0 0 0 0 0

--- NEW SESSION: 17/06/2019 14:57:38 ---
/rigidBase/MappedFrames/FramesMO.9(V_DERIV) = 0 0 0 0 0 0 0 0 0 0 0 0 0 0 0 0 0 0 0 0 0 0 0 0 0 0 0 0 0 0
/rigidBase/MappedFrames/FramesMO.velocity = -0.00130577 0.012423 0 0 0 0.05 -1.01321 0.578338 0 0 0 0.5 -3.1831 -3.02642 0 0 0 1 -3.1831 -7.02642 0 0 0 1 -3.1831 -11.0264 0 0 0 1
/rigidBase/MappedFrames/FramesMO.force = 0 0 0 0 0 0 0 0 0 0 0 0 0 0 0 0 0 0 0 0 0 0 0 0 0 0 0 0 0 0
/rigidBase/MappedFrames/FramesMO.derivX = 0 0 0 0 0 0 0 0 0 0 0 0 0 0 0 0 0 0 0 0 0 0 0 0 0 0 0 0 0 0
/rigidBase/MappedFrames/FramesMO.dforce(V_DERIV) = 0 0 0 0 0 0 0 0 0 0 0 0 0 0 0 0 0 0 0 0 0 0 0 0 0 0 0 0 0 0

--- NEW SESSION: 17/06/2019 15:06:16 ---
/rigidBase/MappedFrames/FramesMO.velocity = -0.00130577 0.012423 0 0 0 0.05 -1.01321 0.578338 0 0 0 0.5 -3.1831 -3.02642 0 0 0 1 -3.1831 -7.02642 0 0 0 1 -3.1831 -11.0264 0 0 0 1
/rigidBase/MappedFrames/FramesMO.force = 0 0 0 0 0 0 0 0 0 0 0 0 0 0 0 0 0 0 0 0 0 0 0 0 0 0 0 0 0.1 0
/rigidBase/MappedFrames/FramesMO.derivX = 0 0 0 0 0 0 0 0 0 0 0 0 0 0 0 0 0 0 0 0 0 0 0 0 0 0 0 0 0 0
/rigidBase/MappedFrames/FramesMO.9(V_DERIV) = 0 0 0 0 0 0 0 0 0 0 0 0 0 0 0 0 0 0 0 0 0 0 0 0 0 0 0 0 0 0
/rigidBase/MappedFrames/FramesMO.dforce(V_DERIV) = 0 0 0 0 0 0 0 0 0 0 0 0 0 0 0 0 0 0 0 0 0 0 0 0 0 0 0 0 0 0
/rigidBase/MappedFrames/FramesMO.derivX = 0 0 0 0 0 0 0 0 0 0 0 0 0 0 0 0 0 0 0 0 0 0 0 0 0 0 0 0 0 0
/rigidBase/MappedFrames/FramesMO.force = 0 0 0 0 0 0 0 0 0 0 0 0 0 0 0 0 0 0 0 0 0 0 0 0 0 0 0 0 0 0
/rigidBase/MappedFrames/FramesMO.9(V_DERIV) = 0 0 0 0 0 0 0 0 0 0 0 0 0 0 0 0 0 0 0 0 0 0 0 0 0 0 0 0 0 0
/rigidBase/MappedFrames/FramesMO.velocity = -0.00130577 0.012423 0 0 0 0.05 -1.01321 0.578338 0 0 0 0.5 -3.1831 -3.02642 0 0 0 1 -3.1831 -7.02642 0 0 0 1 -3.1831 -11.0264 0 0 0 1
/rigidBase/MappedFrames/FramesMO.dforce(V_DERIV) = 0 0 0 0 0 0 0 0 0 0 0 0 0 0 0 0 0 0 0 0 0 0 0 0 0 0 0 0 0 0
